#
# A fatal error has been detected by the Java Runtime Environment:
#
#  Internal Error (javaClasses.cpp:129), pid=2076, tid=4700
#  fatal error: Invalid layout of preloaded class
#
# JRE version: 7.0_25-b17
# Java VM: Java HotSpot(TM) Client VM (23.25-b01 mixed mode windows-x86 )
# Failed to write core dump. Minidumps are not enabled by default on client versions of Windows
#
# If you would like to submit a bug report, please visit:
#   http://bugreport.sun.com/bugreport/crash.jsp
#

---------------  T H R E A D  ---------------

Current thread (0x00c7ac00):  JavaThread "Unknown thread" [_thread_in_vm, id=4700, stack(0x00cc0000,0x00d10000)]

Stack: [0x00cc0000,0x00d10000],  sp=0x00d0f448,  free space=317k
Native frames: (J=compiled Java code, j=interpreted, Vv=VM code, C=native code)
V  [jvm.dll+0x167e31]
V  [jvm.dll+0x1620f6]
V  [jvm.dll+0x1f92f]
V  [jvm.dll+0x1f9b6]
V  [jvm.dll+0x2cffd]
V  [jvm.dll+0x2d2a9]
V  [jvm.dll+0x75351]
V  [jvm.dll+0x7570b]
V  [jvm.dll+0x123881]
V  [jvm.dll+0x1439cc]
V  [jvm.dll+0xa619f]
C  [javaw.exe+0x13ca]
C  [javaw.exe+0x1e3c]
C  [javaw.exe+0xa5b1]
C  [javaw.exe+0xa63b]
C  [kernel32.dll+0x133aa]  BaseThreadInitThunk+0x12
C  [ntdll.dll+0x39ef2]  RtlInitializeExceptionChain+0x63
C  [ntdll.dll+0x39ec5]  RtlInitializeExceptionChain+0x36


---------------  P R O C E S S  ---------------

Java Threads: ( => current thread )

Other Threads:

=>0x00c7ac00 (exited) JavaThread "Unknown thread" [_thread_in_vm, id=4700, stack(0x00cc0000,0x00d10000)]

VM state:not at safepoint (not fully initialized)

VM Mutex/Monitor currently owned by a thread: None

GC Heap History (0 events):
No events

Deoptimization events (0 events):
No events

Internal exceptions (0 events):
No events

Events (10 events):
Event: 0.007 loading class 0x00e25c58
Event: 0.009 loading class 0x00e25c58 done
Event: 0.009 loading class 0x00e25ca8
Event: 0.009 loading class 0x00e26a30
Event: 0.009 loading class 0x00e26a30 done
Event: 0.009 loading class 0x00e4b800
Event: 0.009 loading class 0x00e4b800 done
Event: 0.009 loading class 0x00e25ca8 done
Event: 0.009 loading class 0x00e25c80
Event: 0.010 loading class 0x00e25c80 done


Dynamic libraries:
0x011f0000 - 0x0121f000 	C:\Program Files (x86)\Java\jre7\bin\javaw.exe
0x77e70000 - 0x77ff0000 	C:\Windows\SysWOW64\ntdll.dll
0x76310000 - 0x76420000 	C:\Windows\syswow64\kernel32.dll
0x76190000 - 0x761d7000 	C:\Windows\syswow64\KERNELBASE.dll
0x76080000 - 0x76120000 	C:\Windows\syswow64\ADVAPI32.dll
0x76920000 - 0x769cc000 	C:\Windows\syswow64\msvcrt.dll
0x75c50000 - 0x75c69000 	C:\Windows\SysWOW64\sechost.dll
0x75c80000 - 0x75d70000 	C:\Windows\syswow64\RPCRT4.dll
0x758c0000 - 0x75920000 	C:\Windows\syswow64\SspiCli.dll
0x758b0000 - 0x758bc000 	C:\Windows\syswow64\CRYPTBASE.dll
0x759b0000 - 0x75ab0000 	C:\Windows\syswow64\USER32.dll
0x75920000 - 0x759b0000 	C:\Windows\syswow64\GDI32.dll
0x75ab0000 - 0x75aba000 	C:\Windows\syswow64\LPK.dll
0x76210000 - 0x762ad000 	C:\Windows\syswow64\USP10.dll
0x745a0000 - 0x7473e000 	C:\Windows\WinSxS\x86_microsoft.windows.common-controls_6595b64144ccf1df_6.0.7601.17514_none_41e6975e2bd6f2b2\COMCTL32.dll
0x76130000 - 0x76187000 	C:\Windows\syswow64\SHLWAPI.dll
0x75e30000 - 0x75e90000 	C:\Windows\system32\IMM32.DLL
0x75ac0000 - 0x75b8c000 	C:\Windows\syswow64\MSCTF.dll
0x68f90000 - 0x6904e000 	C:\Program Files (x86)\Java\jre7\bin\msvcr100.dll
0x68040000 - 0x68382000 	C:\Program Files (x86)\Java\jre7\bin\client\jvm.dll
0x75150000 - 0x75157000 	C:\Windows\system32\WSOCK32.dll
0x77a30000 - 0x77a65000 	C:\Windows\syswow64\WS2_32.dll
0x75bb0000 - 0x75bb6000 	C:\Windows\syswow64\NSI.dll
0x750e0000 - 0x75112000 	C:\Windows\system32\WINMM.dll
0x76420000 - 0x76425000 	C:\Windows\syswow64\PSAPI.DLL
0x73360000 - 0x7336c000 	C:\Program Files (x86)\Java\jre7\bin\verify.dll
0x73300000 - 0x73320000 	C:\Program Files (x86)\Java\jre7\bin\java.dll
0x732e0000 - 0x732f3000 	C:\Program Files (x86)\Java\jre7\bin\zip.dll
0x75420000 - 0x7550b000 	C:\Windows\system32\dbghelp.dll

VM Arguments:
jvm_args: -Dfile.encoding=Cp1252 -Xbootclasspath:C:\Users\engr\Desktop\Robot\Robot\leJOS_NXJ_0.9.1beta-3_win32\lib\nxt\classes.jar 
java_command: me.Kyle.MyRobot.JavaClass
Launcher Type: SUN_STANDARD

Environment Variables:
CLASSPATH=.;C:\Program Files (x86)\Java\jre7\lib\ext\QTJava.zip
PATH=C:/Program Files (x86)/Java/jre7/bin/client;C:/Program Files (x86)/Java/jre7/bin;C:/Program Files (x86)/Java/jre7/lib/i386;C:\Program Files (x86)\NVIDIA Corporation\PhysX\Common;C:\Windows\system32;C:\Windows;C:\Windows\System32\Wbem;C:\Windows\System32\WindowsPowerShell\v1.0\;C:\Program Files (x86)\QuickTime\QTSystem\;C:\Program Files (x86)\Common Files\Autodesk Shared\;C:\VXIPNP\WinNT\Bin;C:\Users\engr\Desktop\Robot\Robot\eclipse;
USERNAME=engr
OS=Windows_NT
PROCESSOR_IDENTIFIER=Intel64 Family 6 Model 15 Stepping 11, GenuineIntel



---------------  S Y S T E M  ---------------

OS: Windows 7 , 64 bit Build 7601 Service Pack 1

CPU:total 2 (2 cores per cpu, 1 threads per core) family 6 model 15 stepping 11, cmov, cx8, fxsr, mmx, sse, sse2, sse3, ssse3, tsc

Memory: 4k page, physical 4051572k(2225828k free), swap 8101284k(6164988k free)

vm_info: Java HotSpot(TM) Client VM (23.25-b01) for windows-x86 JRE (1.7.0_25-b17), built on Jun 21 2013 13:06:48 by "java_re" with unknown MS VC++:1600

time: Tue Feb 24 14:56:18 2015
elapsed time: 0 seconds

